2023-04-03 01:57:30.558890 - Initialized conversion of CBT685
2023-04-03 01:57:30.957908 - Received CBT.V504.FILE685.PDS from FILE685.XMI 
2023-04-03 01:57:30.960187 - Found $$$#DATE.txt (text/plain) in CBT.V504.FILE685.PDS, moved to PDS/$$$#DATE
2023-04-03 01:57:30.961529 - Found $README.txt (text/plain) in CBT.V504.FILE685.PDS, moved to PDS/$README
2023-04-03 01:57:30.962870 - Found @FILE685.txt (text/plain) in CBT.V504.FILE685.PDS, moved to PDS/@FILE685
2023-04-03 01:57:30.981661 - Found CNTL.xmi (application/xmit) in CBT.V504.FILE685.PDS
2023-04-03 01:57:30.986663   - Received to CBT685/TXT2XML.CNTL
2023-04-03 01:57:31.034848 - Found COB.xmi (application/xmit) in CBT.V504.FILE685.PDS
2023-04-03 01:57:31.045781   - Received to CBT685/SAMPLE.COB
2023-04-03 01:57:31.076921 - Found COB2.xmi (application/xmit) in CBT.V504.FILE685.PDS
2023-04-03 01:57:31.086520   - Received to CBT685/COB.XML2COB
2023-04-03 01:57:31.329328 - Found DOC.xmi (application/xmit) in CBT.V504.FILE685.PDS
2023-04-03 01:57:31.349469   - Received to CBT685/TXT2XML.DOC
2023-04-03 01:57:31.352595 - De-xmi-ed DOCPDF to CBT685/docs/DOCPDF.pdf
2023-04-03 01:57:31.361334 - Found DTD.xmi (application/xmit) in CBT.V504.FILE685.PDS
2023-04-03 01:57:31.367811   - Received to CBT685/SAMPLE.DTD
2023-04-03 01:57:31.441887 - Found EXEC.xmi (application/xmit) in CBT.V504.FILE685.PDS
2023-04-03 01:57:31.447836   - Received to CBT685/TXT2XML.EXEC
2023-04-03 01:57:31.463389 - Found PANEL.xmi (application/xmit) in CBT.V504.FILE685.PDS
2023-04-03 01:57:31.468884   - Received to CBT685/TXT2XML.PANEL
2023-04-03 01:57:31.469993 - Found README.txt (text/plain) in CBT.V504.FILE685.PDS, moved to PDS/README
2023-04-03 01:57:31.471094 - Found RECEIVE.rexx (text/plain) in CBT.V504.FILE685.PDS, moved to PDS/RECEIVE
2023-04-03 01:57:31.515236 - Found TXT.xmi (application/xmit) in CBT.V504.FILE685.PDS
2023-04-03 01:57:31.529578   - Received to CBT685/SAMPLE.TXT
2023-04-03 01:57:31.551179 - Found XML.xmi (application/xmit) in CBT.V504.FILE685.PDS
2023-04-03 01:57:31.565284   - Received to CBT685/SAMPLE.XML
